uBridge version 0.9.13 running with WinPcap version 4.1.3 (packet.dll version 4.1.0.2980), based on libpcap version 1.0 branch 1_0_rel0b (20091008)
Hypervisor TCP control server started (IP 127.0.0.1 port 49917).
UDP tunnel connecting from local port 10000 to IPv4 addresss 127.0.0.1 on port 10001
Ethernet interface \Device\NPF_{A2FC1D43-0474-4794-931C-1FB88AAE5FC0}
Source NIO listener thread for 4e25852d-8d6d-4363-ae5f-7caa0e8c158e-0 has started
Destination NIO listener thread for 4e25852d-8d6d-4363-ae5f-7caa0e8c158e-0 has started
pcap_next_ex: read error: PacketReceivePacket failed
recv: No error
Destination NIO listener thread for 4e25852d-8d6d-4363-ae5f-7caa0e8c158e-0 has stopped
pcap_sendpacket: send error: PacketSendPacket failed
send: No error
Source NIO listener thread for 4e25852d-8d6d-4363-ae5f-7caa0e8c158e-0 has stopped
UDP tunnel connecting from local port 10000 to IPv4 addresss 127.0.0.1 on port 10001
Ethernet interface \Device\NPF_{A2FC1D43-0474-4794-931C-1FB88AAE5FC0}
Source NIO listener thread for 4e25852d-8d6d-4363-ae5f-7caa0e8c158e-0 has started
Destination NIO listener thread for 4e25852d-8d6d-4363-ae5f-7caa0e8c158e-0 has started
pcap_next_ex: read error: PacketReceivePacket failed
recv: No error
Destination NIO listener thread for 4e25852d-8d6d-4363-ae5f-7caa0e8c158e-0 has stopped
pcap_sendpacket: send error: PacketSendPacket failed
send: No error
Source NIO listener thread for 4e25852d-8d6d-4363-ae5f-7caa0e8c158e-0 has stopped
UDP tunnel connecting from local port 10000 to IPv4 addresss 127.0.0.1 on port 10001
Ethernet interface \Device\NPF_{A2FC1D43-0474-4794-931C-1FB88AAE5FC0}
Source NIO listener thread for 4e25852d-8d6d-4363-ae5f-7caa0e8c158e-0 has started
Destination NIO listener thread for 4e25852d-8d6d-4363-ae5f-7caa0e8c158e-0 has started
UDP tunnel connecting from local port 10000 to IPv4 addresss 127.0.0.1 on port 10001
Ethernet interface \Device\NPF_{A2FC1D43-0474-4794-931C-1FB88AAE5FC0}
Source NIO listener thread for 4e25852d-8d6d-4363-ae5f-7caa0e8c158e-0 has started
Destination NIO listener thread for 4e25852d-8d6d-4363-ae5f-7caa0e8c158e-0 has started
